<?xml version="1.0" encoding="UTF-8"?>
<testng-results skipped="0" failed="0" ignored="0" total="1" passed="1">
  <reporter-output>
  </reporter-output>
  <suite name="Default suite" duration-ms="24243" started-at="2020-03-02T11:28:03 PST" finished-at="2020-03-02T11:28:27 PST">
    <groups>
    </groups>
    <test name="Default test" duration-ms="24243" started-at="2020-03-02T11:28:03 PST" finished-at="2020-03-02T11:28:27 PST">
      <class name="org.archana.selenium_tests.Log4j">
        <test-method status="PASS" signature="JavaScript()[pri:0, instance:org.archana.selenium_tests.Log4j@9660f4e]" name="JavaScript" duration-ms="24178" started-at="2020-03-02T11:28:03 PST" finished-at="2020-03-02T11:28:27 PST">
          <reporter-output>
          </reporter-output>
        </test-method> <!-- JavaScript -->
      </class> <!-- org.archana.selenium_tests.Log4j -->
    </test> <!-- Default test -->
  </suite> <!-- Default suite -->
</testng-results>
